#
# There is insufficient memory for the Java Runtime Environment to continue.
# Native memory allocation (mmap) failed to map 268435456 bytes for Failed to commit area from 0x0000000700c00000 to 0x0000000710c00000 of length 268435456.
# Possible reasons:
#   The system is out of physical RAM or swap space
#   The process is running with CompressedOops enabled, and the Java Heap may be blocking the growth of the native heap
# Possible solutions:
#   Reduce memory load on the system
#   Increase physical memory or swap space
#   Check if swap backing store is full
#   Decrease Java heap size (-Xmx/-Xms)
#   Decrease number of Java threads
#   Decrease Java thread stack sizes (-Xss)
#   Set larger code cache with -XX:ReservedCodeCacheSize=
# This output file may be truncated or incomplete.
#
#  Out of Memory Error (c:/BuildAgent/work/5ff2f6c26000d570/src/hotspot/os/windows/os_windows.cpp:3281), pid=18980, tid=5848
#
# JRE version:  (11.0.4+10) (build )
# Java VM: OpenJDK 64-Bit Server VM (11.0.4+10-b304.69, mixed mode, aot, sharing, tiered, compressed oops, g1 gc, windows-amd64)
# No core dump will be written. Minidumps are not enabled by default on client versions of Windows
#

---------------  S U M M A R Y ------------

Command Line: org.jetbrains.git4idea.http.GitAskPassApp Username for 'https://github.com': 

Host: AMD Ryzen 5 2600 Six-Core Processor            , 12 cores, 15G,  Windows 10 , 64 bit Build 18362 (10.0.18362.329)
Time: Wed Oct 23 03:25:29 2019 Eastern Daylight Time elapsed time: 0 seconds (0d 0h 0m 0s)

---------------  T H R E A D  ---------------

Current thread (0x0000021fc91c7000):  JavaThread "Unknown thread" [_thread_in_vm, id=5848, stack(0x000000debb000000,0x000000debb100000)]

Stack: [0x000000debb000000,0x000000debb100000]
Native frames: (J=compiled Java code, j=interpreted, Vv=VM code, C=native code)
V  [jvm.dll+0x5db31a]
V  [jvm.dll+0x70c395]
V  [jvm.dll+0x70d8b8]
V  [jvm.dll+0x70df83]
V  [jvm.dll+0x23dbb8]
V  [jvm.dll+0x5d8a74]
V  [jvm.dll+0x5cdb05]
V  [jvm.dll+0x2fa5bb]
V  [jvm.dll+0x2fa52a]
V  [jvm.dll+0x2fa402]
V  [jvm.dll+0x2ff2c6]
V  [jvm.dll+0x347893]
V  [jvm.dll+0x347f96]
V  [jvm.dll+0x347993]
V  [jvm.dll+0x2d4e28]
V  [jvm.dll+0x2d5fd7]
V  [jvm.dll+0x6eb717]
V  [jvm.dll+0x6ecf0c]
V  [jvm.dll+0x354fb9]
V  [jvm.dll+0x6d35be]
V  [jvm.dll+0x3bd673]
V  [jvm.dll+0x3bf9f1]
C  [java.exe+0x3763]
C  [java.exe+0x17a0c]
C  [KERNEL32.DLL+0x17bd4]
C  [ntdll.dll+0x6ced1]


---------------  P R O C E S S  ---------------

Threads class SMR info:
_java_thread_list=0x0000021fc6f33540, length=0, elements={
}

Java Threads: ( => current thread )

Other Threads:
  0x0000021fc91de000 GCTaskThread "GC Thread#0" [stack: 0x000000debb100000,0x000000debb200000] [id=104]
  0x0000021fc9239800 ConcurrentGCThread "G1 Main Marker" [stack: 0x000000debb200000,0x000000debb300000] [id=3940]
  0x0000021fc923b000 ConcurrentGCThread "G1 Conc#0" [stack: 0x000000debb300000,0x000000debb400000] [id=15136]

[error occurred during error reporting (printing all threads), id 0xc0000005, EXCEPTION_ACCESS_VIOLATION (0xc0000005) at pc=0x00007ffd23e35727]

VM state:not at safepoint (not fully initialized)

VM Mutex/Monitor currently owned by a thread:  ([mutex/lock_event])
[0x0000021fc91c6980] Heap_lock - owner thread: 0x0000021fc91c7000

Heap address: 0x0000000700c00000, size: 4084 MB, Compressed Oops mode: Non-zero based: 0x0000000700c00000
Narrow klass base: 0x0000000000000000, Narrow klass shift: 0

GC Heap History (0 events):
No events

Deoptimization events (0 events):
No events

Classes redefined (0 events):
No events

Internal exceptions (0 events):
No events

Events (0 events):
No events


Dynamic libraries:
0x00007ff61c0d0000 - 0x00007ff61c117000 	C:\Users\gheit\AppData\Local\JetBrains\Toolbox\apps\WebStorm\ch-0\192.6817.13\jbr\bin\java.exe
0x00007ffd78c00000 - 0x00007ffd78df0000 	C:\WINDOWS\SYSTEM32\ntdll.dll
0x00007ffd78a80000 - 0x00007ffd78b32000 	C:\WINDOWS\System32\KERNEL32.DLL
0x00007ffd76920000 - 0x00007ffd76bc3000 	C:\WINDOWS\System32\KERNELBASE.dll
0x00007ffd779c0000 - 0x00007ffd77b54000 	C:\WINDOWS\System32\USER32.dll
0x00007ffd75ed0000 - 0x00007ffd75ef1000 	C:\WINDOWS\System32\win32u.dll
0x00007ffd770b0000 - 0x00007ffd770d6000 	C:\WINDOWS\System32\GDI32.dll
0x00007ffd75d30000 - 0x00007ffd75ec4000 	C:\WINDOWS\System32\gdi32full.dll
0x00007ffd75c90000 - 0x00007ffd75d2e000 	C:\WINDOWS\System32\msvcp_win.dll
0x00007ffd76800000 - 0x00007ffd768fa000 	C:\WINDOWS\System32\ucrtbase.dll
0x00007ffd68ae0000 - 0x00007ffd68d65000 	C:\WINDOWS\WinSxS\amd64_microsoft.windows.common-controls_6595b64144ccf1df_6.0.18362.418_none_e6c6b287130d565d\COMCTL32.dll
0x00007ffd76cb0000 - 0x00007ffd76d4e000 	C:\WINDOWS\System32\msvcrt.dll
0x00007ffd77c20000 - 0x00007ffd77f56000 	C:\WINDOWS\System32\combase.dll
0x00007ffd777d0000 - 0x00007ffd778f0000 	C:\WINDOWS\System32\RPCRT4.dll
0x00007ffd76c30000 - 0x00007ffd76cb0000 	C:\WINDOWS\System32\bcryptPrimitives.dll
0x00007ffd78870000 - 0x00007ffd7889e000 	C:\WINDOWS\System32\IMM32.DLL
0x00007ffd70980000 - 0x00007ffd70997000 	C:\Users\gheit\AppData\Local\JetBrains\Toolbox\apps\WebStorm\ch-0\192.6817.13\jbr\bin\vcruntime140.dll
0x00007ffd55160000 - 0x00007ffd551fd000 	C:\Users\gheit\AppData\Local\JetBrains\Toolbox\apps\WebStorm\ch-0\192.6817.13\jbr\bin\msvcp140.dll
0x00007ffd23b50000 - 0x00007ffd24608000 	C:\Users\gheit\AppData\Local\JetBrains\Toolbox\apps\WebStorm\ch-0\192.6817.13\jbr\bin\server\jvm.dll
0x00007ffd77720000 - 0x00007ffd777c3000 	C:\WINDOWS\System32\ADVAPI32.dll
0x00007ffd78910000 - 0x00007ffd789a7000 	C:\WINDOWS\System32\sechost.dll
0x00007ffd770e0000 - 0x00007ffd770e8000 	C:\WINDOWS\System32\PSAPI.DLL
0x00007ffd725f0000 - 0x00007ffd725f9000 	C:\WINDOWS\SYSTEM32\WSOCK32.dll
0x00007ffd77950000 - 0x00007ffd779bf000 	C:\WINDOWS\System32\WS2_32.dll
0x00007ffd735f0000 - 0x00007ffd73614000 	C:\WINDOWS\SYSTEM32\WINMM.dll
0x00007ffd6f4c0000 - 0x00007ffd6f4ca000 	C:\WINDOWS\SYSTEM32\VERSION.dll
0x00007ffd735c0000 - 0x00007ffd735ed000 	C:\WINDOWS\SYSTEM32\winmmbase.dll
0x00007ffd75b90000 - 0x00007ffd75bda000 	C:\WINDOWS\System32\cfgmgr32.dll
0x00007ffd75ae0000 - 0x00007ffd75af1000 	C:\WINDOWS\System32\kernel.appcore.dll
0x00007ffd66c20000 - 0x00007ffd66c31000 	C:\Users\gheit\AppData\Local\JetBrains\Toolbox\apps\WebStorm\ch-0\192.6817.13\jbr\bin\verify.dll
0x00007ffd68ef0000 - 0x00007ffd690e4000 	C:\WINDOWS\SYSTEM32\DBGHELP.DLL
0x00007ffd68e50000 - 0x00007ffd68e7a000 	C:\WINDOWS\SYSTEM32\dbgcore.DLL
0x00007ffd66bf0000 - 0x00007ffd66c19000 	C:\Users\gheit\AppData\Local\JetBrains\Toolbox\apps\WebStorm\ch-0\192.6817.13\jbr\bin\java.dll
0x00007ffd5e070000 - 0x00007ffd5e087000 	C:\Users\gheit\AppData\Local\JetBrains\Toolbox\apps\WebStorm\ch-0\192.6817.13\jbr\bin\zip.dll
0x00007ffd66f00000 - 0x00007ffd66f0b000 	C:\Users\gheit\AppData\Local\JetBrains\Toolbox\apps\WebStorm\ch-0\192.6817.13\jbr\bin\jimage.dll

dbghelp: loaded successfully - version: 4.0.5 - missing functions: none
symbol engine: initialized successfully - sym options: 0x614 - pdb path: .;C:\Users\gheit\AppData\Local\JetBrains\Toolbox\apps\WebStorm\ch-0\192.6817.13\jbr\bin;C:\WINDOWS\SYSTEM32;C:\WINDOWS\WinSxS\amd64_microsoft.windows.common-controls_6595b64144ccf1df_6.0.18362.418_none_e6c6b287130d565d;C:\Users\gheit\AppData\Local\JetBrains\Toolbox\apps\WebStorm\ch-0\192.6817.13\jbr\bin\server

VM Arguments:
java_command: org.jetbrains.git4idea.http.GitAskPassApp Username for 'https://github.com': 
java_class_path (initial): C:/Users/gheit/AppData/Local/JetBrains/Toolbox/apps/WebStorm/ch-0/192.6817.13/plugins/git4idea/lib/git4idea-rt.jar;C:/Users/gheit/AppData/Local/JetBrains/Toolbox/apps/WebStorm/ch-0/192.6817.13/lib/xmlrpc-2.0.1.jar;C:/Users/gheit/AppData/Local/JetBrains/Toolbox/apps/WebStorm/ch-0/192.6817.13/lib/commons-codec-1.13.jar;C:/Users/gheit/AppData/Local/JetBrains/Toolbox/apps/WebStorm/ch-0/192.6817.13/lib/util.jar
Launcher Type: SUN_STANDARD

[Global flags]
     intx CICompilerCount                          = 4                                         {product} {ergonomic}
     uint ConcGCThreads                            = 3                                         {product} {ergonomic}
     uint G1ConcRefinementThreads                  = 10                                        {product} {ergonomic}
   size_t G1HeapRegionSize                         = 1048576                                   {product} {ergonomic}
    uintx GCDrainStackTargetSize                   = 64                                        {product} {ergonomic}
   size_t InitialHeapSize                          = 268435456                                 {product} {ergonomic}
   size_t MarkStackSize                            = 4194304                                   {product} {ergonomic}
   size_t MaxHeapSize                              = 4282384384                                {product} {ergonomic}
   size_t MinHeapDeltaBytes                        = 1048576                                   {product} {ergonomic}
    uintx NonNMethodCodeHeapSize                   = 5835340                                {pd product} {ergonomic}
    uintx NonProfiledCodeHeapSize                  = 122911450                              {pd product} {ergonomic}
    uintx ProfiledCodeHeapSize                     = 122911450                              {pd product} {ergonomic}
    uintx ReservedCodeCacheSize                    = 251658240                              {pd product} {ergonomic}
     bool SegmentedCodeCache                       = true                                      {product} {ergonomic}
     bool UseCompressedClassPointers               = true                                 {lp64_product} {ergonomic}
     bool UseCompressedOops                        = true                                 {lp64_product} {ergonomic}
     bool UseG1GC                                  = true                                      {product} {ergonomic}
     bool UseLargePagesIndividualAllocation        = false                                  {pd product} {ergonomic}

Logging:
Log output configuration:
 #0: stdout all=warning uptime,level,tags
 #1: stderr all=off uptime,level,tags

Environment Variables:
JAVA_HOME=C:\Program Files\AdoptOpenJDK\jdk-11.0.4.11-hotspot\
PATH=C:\Program Files\Git\mingw64\libexec\git-core;C:\Program Files\Git\mingw64\libexec\git-core;C:\Program Files\Git\mingw64\bin;C:\Program Files\Git\usr\bin;C:\Users\gheit\bin;C:\Program Files\AdoptOpenJDK\jdk-11.0.4.11-hotspot\bin;C:\Program Files (x86)\Common Files\Oracle\Java\javapath;C:\Program Files (x86)\Common Files\Intel\Shared Libraries\redist\intel64\compiler;C:\Program Files (x86)\Common Files\Intel\Shared Libraries\redist\ia32\compiler;C:\WINDOWS\system32;C:\WINDOWS;C:\WINDOWS\System32\Wbem;C:\WINDOWS\System32\WindowsPowerShell\v1.0;C:\WINDOWS\System32\OpenSSH;C:\Users\gheit\Desktop\platform-tools;C:\Program Files\MATLAB\R2019a\runtime\win64;C:\Program Files\MATLAB\R2019a\bin;C:\Program Files\dotnet;C:\Program Files (x86)\dotnet;C:\Program Files\Calibre2;C:\Program Files\Git\cmd;C:\Program Files\nodejs;C:\Program Files (x86)\Common Files\Oracle\Java\javapath;C:\Program Files (x86)\Common Files\Intel\Shared Libraries\redist\intel64\compiler;C:\Program Files (x86)\Common Files\Intel\Shared Libraries\redist\ia32\compiler;C:\WINDOWS\system32;C:\WINDOWS;C:\WINDOWS\System32\Wbem;C:\WINDOWS\System32\WindowsPowerShell\v1.0;C:\WINDOWS\System32\OpenSSH;C:\Users\gheit\Desktop\platform-tools;C:\Program Files\MATLAB\R2019a\runtime\win64;C:\Program Files\MATLAB\R2019a\bin;C:\Program Files\dotnet;C:\Program Files (x86)\dotnet;C:\Users\gheit\AppData\Local\Programs\Python\Python37\Scripts;C:\Users\gheit\AppData\Local\Programs\Python\Python37;C:\Users\gheit\Anaconda3;C:\Users\gheit\Anaconda3\Library\mingw-w64\bin;C:\Users\gheit\Anaconda3\Library\usr\bin;C:\Users\gheit\Anaconda3\Library\bin;C:\Users\gheit\Anaconda3\Scripts;C:\Users\gheit\AppData\Local\Microsoft\WindowsApps;C:\Users\gheit\AppData\Local\Programs\Microsoft VS Code\bin;C:\Users\gheit\AppData\Roaming\Python\Python37\Scripts;C:\Users\gheit\AppData\Local\Microsoft\WindowsApps;C:\Users\gheit\AppData\Roaming\npm
USERNAME=gheit
DISPLAY=:0.0
OS=Windows_NT
PROCESSOR_IDENTIFIER=AMD64 Family 23 Model 8 Stepping 2, AuthenticAMD



---------------  S Y S T E M  ---------------

OS: Windows 10 , 64 bit Build 18362 (10.0.18362.329)

CPU:total 12 (initial active 12) (12 cores per cpu, 2 threads per core) family 23 model 8 stepping 2, cmov, cx8, fxsr, mmx, sse, sse2, sse3, ssse3, sse4.1, sse4.2, popcnt, avx, avx2, aes, clmul, mmxext, 3dnowpref, lzcnt, sse4a, ht, tsc, tscinvbit, tscinv, bmi1, bmi2, adx, sha, fma

Memory: 4k page, system-wide physical 16331M (511M free)
TotalPageFile size 46060M (AvailPageFile size 71M)
current process WorkingSet (physical memory assigned to process): 10M, peak: 10M
current process commit charge ("private bytes"): 64M, peak: 320M

vm_info: OpenJDK 64-Bit Server VM (11.0.4+10-b304.69) for windows-amd64 JRE (11.0.4+10-b304.69), built on Sep  9 2019 11:39:50 by "" with MS VC++ 14.0 (VS2015)

END.
